  Main.cpp
C:\Users\Admin\Desktop\C-_SFML_2_6_1\С++_3_0_0\С++_3_0_0\Main.cpp(50,35): warning C4305: инициализация: усечение из "double" в "float"
C:\Users\Admin\Desktop\C-_SFML_2_6_1\С++_3_0_0\С++_3_0_0\Main.cpp(86,55): warning C4244: аргумент: преобразование "float" в "T", возможна потеря данных
C:\Users\Admin\Desktop\C-_SFML_2_6_1\С++_3_0_0\С++_3_0_0\Main.cpp(86,55): warning C4244:         with
C:\Users\Admin\Desktop\C-_SFML_2_6_1\С++_3_0_0\С++_3_0_0\Main.cpp(86,55): warning C4244:         [
C:\Users\Admin\Desktop\C-_SFML_2_6_1\С++_3_0_0\С++_3_0_0\Main.cpp(86,55): warning C4244:             T=int
C:\Users\Admin\Desktop\C-_SFML_2_6_1\С++_3_0_0\С++_3_0_0\Main.cpp(86,55): warning C4244:         ]
C:\Users\Admin\Desktop\C-_SFML_2_6_1\С++_3_0_0\С++_3_0_0\Main.cpp(86,48): warning C4244: аргумент: преобразование "float" в "T", возможна потеря данных
C:\Users\Admin\Desktop\C-_SFML_2_6_1\С++_3_0_0\С++_3_0_0\Main.cpp(86,48): warning C4244:         with
C:\Users\Admin\Desktop\C-_SFML_2_6_1\С++_3_0_0\С++_3_0_0\Main.cpp(86,48): warning C4244:         [
C:\Users\Admin\Desktop\C-_SFML_2_6_1\С++_3_0_0\С++_3_0_0\Main.cpp(86,48): warning C4244:             T=int
C:\Users\Admin\Desktop\C-_SFML_2_6_1\С++_3_0_0\С++_3_0_0\Main.cpp(86,48): warning C4244:         ]
C:\Users\Admin\Desktop\C-_SFML_2_6_1\С++_3_0_0\С++_3_0_0\Main.cpp(134,48): warning C4838: Преобразование из "double" в "int" требует сужающего преобразования.
C:\Users\Admin\Desktop\C-_SFML_2_6_1\С++_3_0_0\С++_3_0_0\Main.cpp(134,48): warning C4244: инициализация: преобразование "double" в "int", возможна потеря данных
C:\Users\Admin\Desktop\C-_SFML_2_6_1\С++_3_0_0\С++_3_0_0\Main.cpp(135,48): warning C4838: Преобразование из "double" в "int" требует сужающего преобразования.
C:\Users\Admin\Desktop\C-_SFML_2_6_1\С++_3_0_0\С++_3_0_0\Main.cpp(135,48): warning C4244: инициализация: преобразование "double" в "int", возможна потеря данных
C:\Users\Admin\Desktop\C-_SFML_2_6_1\С++_3_0_0\С++_3_0_0\Main.cpp(136,48): warning C4838: Преобразование из "double" в "int" требует сужающего преобразования.
C:\Users\Admin\Desktop\C-_SFML_2_6_1\С++_3_0_0\С++_3_0_0\Main.cpp(136,48): warning C4244: инициализация: преобразование "double" в "int", возможна потеря данных
C:\Users\Admin\Desktop\C-_SFML_2_6_1\С++_3_0_0\С++_3_0_0\Main.cpp(138,48): warning C4838: Преобразование из "double" в "int" требует сужающего преобразования.
C:\Users\Admin\Desktop\C-_SFML_2_6_1\С++_3_0_0\С++_3_0_0\Main.cpp(138,48): warning C4244: инициализация: преобразование "double" в "int", возможна потеря данных
C:\Users\Admin\Desktop\C-_SFML_2_6_1\С++_3_0_0\С++_3_0_0\Main.cpp(139,48): warning C4838: Преобразование из "double" в "int" требует сужающего преобразования.
C:\Users\Admin\Desktop\C-_SFML_2_6_1\С++_3_0_0\С++_3_0_0\Main.cpp(139,48): warning C4244: инициализация: преобразование "double" в "int", возможна потеря данных
C:\Users\Admin\Desktop\C-_SFML_2_6_1\С++_3_0_0\С++_3_0_0\Main.cpp(140,48): warning C4838: Преобразование из "double" в "int" требует сужающего преобразования.
C:\Users\Admin\Desktop\C-_SFML_2_6_1\С++_3_0_0\С++_3_0_0\Main.cpp(140,48): warning C4244: инициализация: преобразование "double" в "int", возможна потеря данных
C:\Users\Admin\Desktop\C-_SFML_2_6_1\С++_3_0_0\С++_3_0_0\Main.cpp(153,20): warning C4244: инициализация: преобразование "sf::Int64" в "float", возможна потеря данных
C:\Users\Admin\Desktop\C-_SFML_2_6_1\С++_3_0_0\С++_3_0_0\Main.cpp(165,40): warning C4305: =: усечение из "double" в "float"
C:\Users\Admin\Desktop\C-_SFML_2_6_1\С++_3_0_0\С++_3_0_0\Main.cpp(171,89): warning C4244: аргумент: преобразование "float" в "int", возможна потеря данных
C:\Users\Admin\Desktop\C-_SFML_2_6_1\С++_3_0_0\С++_3_0_0\Main.cpp(171,77): warning C4244: аргумент: преобразование "float" в "int", возможна потеря данных
C:\Users\Admin\Desktop\C-_SFML_2_6_1\С++_3_0_0\С++_3_0_0\Main.cpp(171,44): warning C4244: аргумент: преобразование "float" в "int", возможна потеря данных
C:\Users\Admin\Desktop\C-_SFML_2_6_1\С++_3_0_0\С++_3_0_0\Main.cpp(175,40): warning C4305: =: усечение из "double" в "float"
C:\Users\Admin\Desktop\C-_SFML_2_6_1\С++_3_0_0\С++_3_0_0\Main.cpp(178,40): warning C4305: =: усечение из "double" в "float"
C:\Users\Admin\Desktop\C-_SFML_2_6_1\С++_3_0_0\С++_3_0_0\Main.cpp(181,40): warning C4305: =: усечение из "double" в "float"
  С++_3_0_0.vcxproj -> C:\Users\Admin\Desktop\C-_SFML_2_6_1\С++_3_0_0\x64\Debug\С++_3_0_0.exe
